0 info it worked if it ends with ok
1 verbose cli [ '/usr/local/bin/node',
1 verbose cli   '/usr/local/bin/npm',
1 verbose cli   'install',
1 verbose cli   'hello.js',
1 verbose cli   '--prefix',
1 verbose cli   '/Users/Ethan/.pm2' ]
2 info using npm@3.8.6
3 info using node@v5.11.0
4 silly loadCurrentTree Starting
5 silly install loadCurrentTree
6 silly install readLocalPackageData
7 silly fetchPackageMetaData hello.js
8 silly fetchOtherPackageData hello.js
9 silly cache add args [ 'hello.js', null ]
10 verbose cache add spec hello.js
11 silly cache add parsed spec Result {
11 silly cache add   raw: 'hello.js',
11 silly cache add   scope: null,
11 silly cache add   name: null,
11 silly cache add   rawSpec: 'hello.js',
11 silly cache add   spec: '/Users/Ethan/Desktop/node.js Workshop/lab2-2/hello.js',
11 silly cache add   type: 'local' }
12 silly addLocalTarball shasum (computed) 9fcc79d27b2e4cd919ed35d2eb1a1ed2c7249dcf
13 verbose addTmpTarball /Users/Ethan/Desktop/node.js Workshop/lab2-2/hello.js not in flight; adding
14 verbose correctMkdir /Users/Ethan/.npm correctMkdir not in flight; initializing
15 verbose addTmpTarball validating metadata from /Users/Ethan/Desktop/node.js Workshop/lab2-2/hello.js
16 verbose tar unpack /Users/Ethan/Desktop/node.js Workshop/lab2-2/hello.js
17 verbose tar unpacking to /var/folders/4r/mj8ffwzn1bv2wzgx8yswbyq40000gn/T/npm-21106-5b263e53/unpack-decb4c0c
18 silly gentlyRm /var/folders/4r/mj8ffwzn1bv2wzgx8yswbyq40000gn/T/npm-21106-5b263e53/unpack-decb4c0c is being purged
19 verbose gentlyRm don't care about contents; nuking /var/folders/4r/mj8ffwzn1bv2wzgx8yswbyq40000gn/T/npm-21106-5b263e53/unpack-decb4c0c
20 silly gunzTarPerm modes [ '755', '644' ]
21 error not a package /Users/Ethan/Desktop/node.js Workshop/lab2-2/hello.js
22 error addLocal Could not install /Users/Ethan/Desktop/node.js Workshop/lab2-2/hello.js
23 silly fetchPackageMetaData Error: ENOENT: no such file or directory, open '/var/folders/4r/mj8ffwzn1bv2wzgx8yswbyq40000gn/T/npm-21106-5b263e53/unpack-decb4c0c/package.json'
23 silly fetchPackageMetaData     at Error (native)
23 silly fetchPackageMetaData  error for hello.js { [Error: ENOENT: no such file or directory, open '/var/folders/4r/mj8ffwzn1bv2wzgx8yswbyq40000gn/T/npm-21106-5b263e53/unpack-decb4c0c/package.json']
23 silly fetchPackageMetaData   errno: -2,
23 silly fetchPackageMetaData   code: 'ENOENT',
23 silly fetchPackageMetaData   syscall: 'open',
23 silly fetchPackageMetaData   path: '/var/folders/4r/mj8ffwzn1bv2wzgx8yswbyq40000gn/T/npm-21106-5b263e53/unpack-decb4c0c/package.json' }
24 silly rollbackFailedOptional Starting
25 silly rollbackFailedOptional Finishing
26 silly runTopLevelLifecycles Starting
27 silly runTopLevelLifecycles Finishing
28 silly install printInstalled
29 verbose stack Error: ENOENT: no such file or directory, open '/var/folders/4r/mj8ffwzn1bv2wzgx8yswbyq40000gn/T/npm-21106-5b263e53/unpack-decb4c0c/package.json'
29 verbose stack     at Error (native)
30 verbose cwd /Users/Ethan/Desktop/node.js Workshop/lab2-2
31 error Darwin 15.4.0
32 error argv "/usr/local/bin/node" "/usr/local/bin/npm" "install" "hello.js" "--prefix" "/Users/Ethan/.pm2"
33 error node v5.11.0
34 error npm  v3.8.6
35 error path /var/folders/4r/mj8ffwzn1bv2wzgx8yswbyq40000gn/T/npm-21106-5b263e53/unpack-decb4c0c/package.json
36 error code ENOENT
37 error errno -2
38 error syscall open
39 error enoent ENOENT: no such file or directory, open '/var/folders/4r/mj8ffwzn1bv2wzgx8yswbyq40000gn/T/npm-21106-5b263e53/unpack-decb4c0c/package.json'
40 error enoent ENOENT: no such file or directory, open '/var/folders/4r/mj8ffwzn1bv2wzgx8yswbyq40000gn/T/npm-21106-5b263e53/unpack-decb4c0c/package.json'
40 error enoent This is most likely not a problem with npm itself
40 error enoent and is related to npm not being able to find a file.
41 verbose exit [ -2, true ]
